2025-02-20 23:31:54,016 - __main__ - INFO - Starting prediction process...
2025-02-20 23:31:54,017 - __main__ - INFO - Using feed file: feeds\feeds_250220_205011.json
2025-02-20 23:31:54,017 - __main__ - INFO - Initializing text preprocessor...
2025-02-20 23:31:54,033 - __main__ - INFO - Loading model components...
2025-02-20 23:31:54,034 - model_persistence - INFO - Loading model components...
2025-02-20 23:31:54,156 - model_persistence - INFO - Model components loaded successfully
2025-02-20 23:31:54,156 - __main__ - INFO - Successfully loaded model components with 10 categories
2025-02-20 23:31:54,157 - __main__ - INFO - Loading feed data from feeds\feeds_250220_205011.json...
2025-02-20 23:31:54,181 - __main__ - INFO - Loaded 245 feed entries
2025-02-20 23:31:54,182 - __main__ - INFO - Predicting topics for 245 feed entries...
2025-02-20 23:31:54,377 - __main__ - INFO - Processed 10 of 245 entries
2025-02-20 23:31:54,439 - __main__ - INFO - Processed 20 of 245 entries
2025-02-20 23:31:54,503 - __main__ - INFO - Processed 30 of 245 entries
2025-02-20 23:31:54,561 - __main__ - INFO - Processed 40 of 245 entries
2025-02-20 23:31:54,640 - __main__ - INFO - Processed 50 of 245 entries
2025-02-20 23:31:54,728 - __main__ - INFO - Processed 60 of 245 entries
2025-02-20 23:31:54,796 - __main__ - INFO - Processed 70 of 245 entries
2025-02-20 23:31:54,871 - __main__ - INFO - Processed 80 of 245 entries
2025-02-20 23:31:54,949 - __main__ - INFO - Processed 90 of 245 entries
2025-02-20 23:31:55,031 - __main__ - INFO - Processed 100 of 245 entries
2025-02-20 23:31:55,108 - __main__ - INFO - Processed 110 of 245 entries
2025-02-20 23:31:55,181 - __main__ - INFO - Processed 120 of 245 entries
2025-02-20 23:31:55,255 - __main__ - INFO - Processed 130 of 245 entries
2025-02-20 23:31:55,351 - __main__ - INFO - Processed 140 of 245 entries
2025-02-20 23:31:55,411 - __main__ - INFO - Processed 150 of 245 entries
2025-02-20 23:31:55,479 - __main__ - INFO - Processed 160 of 245 entries
2025-02-20 23:31:55,558 - __main__ - INFO - Processed 170 of 245 entries
2025-02-20 23:31:55,636 - __main__ - INFO - Processed 180 of 245 entries
2025-02-20 23:31:55,706 - __main__ - INFO - Processed 190 of 245 entries
2025-02-20 23:31:55,769 - __main__ - INFO - Processed 200 of 245 entries
2025-02-20 23:31:55,836 - __main__ - INFO - Processed 210 of 245 entries
2025-02-20 23:31:55,897 - __main__ - INFO - Processed 220 of 245 entries
2025-02-20 23:31:55,962 - __main__ - INFO - Processed 230 of 245 entries
2025-02-20 23:31:56,024 - __main__ - INFO - Processed 240 of 245 entries
2025-02-20 23:31:56,057 - __main__ - INFO - Processed 245 of 245 entries
2025-02-20 23:31:56,057 - __main__ - INFO - Generated predictions for 245 feed entries
2025-02-20 23:31:56,058 - __main__ - INFO - Saving predictions to predictions\feeds_250220_205011_predicted.json...
2025-02-20 23:31:56,061 - __main__ - INFO - Successfully saved predictions to predictions\feeds_250220_205011_predicted.json
2025-02-21 20:08:00,057 - __main__ - INFO - Starting prediction process...
2025-02-21 20:08:00,057 - __main__ - INFO - Found 7 feed files to process
2025-02-21 20:08:00,057 - __main__ - INFO - Initializing text preprocessor...
2025-02-21 20:08:00,079 - __main__ - INFO - Loading model components...
2025-02-21 20:08:00,080 - model_persistence - INFO - Loading model components...
2025-02-21 20:08:00,204 - model_persistence - INFO - Model components loaded successfully
2025-02-21 20:08:00,204 - __main__ - INFO - Successfully loaded model components with 10 categories
2025-02-21 20:08:00,204 - __main__ - INFO - Processing feed file: feeds\feeds_250216_164223.json
2025-02-21 20:08:00,205 - __main__ - INFO - Loading feed data from feeds\feeds_250216_164223.json...
2025-02-21 20:08:00,217 - __main__ - INFO - Loaded 243 feed entries
2025-02-21 20:08:00,217 - __main__ - INFO - Predicting topics for 243 feed entries...
2025-02-21 20:08:00,410 - __main__ - INFO - Processed 10 of 243 entries
2025-02-21 20:08:00,492 - __main__ - INFO - Processed 20 of 243 entries
2025-02-21 20:08:00,576 - __main__ - INFO - Processed 30 of 243 entries
2025-02-21 20:08:00,674 - __main__ - INFO - Processed 40 of 243 entries
2025-02-21 20:08:00,750 - __main__ - INFO - Processed 50 of 243 entries
2025-02-21 20:08:00,820 - __main__ - INFO - Processed 60 of 243 entries
2025-02-21 20:08:00,892 - __main__ - INFO - Processed 70 of 243 entries
2025-02-21 20:08:00,967 - __main__ - INFO - Processed 80 of 243 entries
2025-02-21 20:08:01,035 - __main__ - INFO - Processed 90 of 243 entries
2025-02-21 20:08:01,101 - __main__ - INFO - Processed 100 of 243 entries
2025-02-21 20:08:01,163 - __main__ - INFO - Processed 110 of 243 entries
2025-02-21 20:08:01,230 - __main__ - INFO - Processed 120 of 243 entries
2025-02-21 20:08:01,293 - __main__ - INFO - Processed 130 of 243 entries
2025-02-21 20:08:01,360 - __main__ - INFO - Processed 140 of 243 entries
2025-02-21 20:08:01,453 - __main__ - INFO - Processed 150 of 243 entries
2025-02-21 20:08:01,570 - __main__ - INFO - Processed 160 of 243 entries
2025-02-21 20:08:01,730 - __main__ - INFO - Processed 170 of 243 entries
2025-02-21 20:08:01,833 - __main__ - INFO - Processed 180 of 243 entries
2025-02-21 20:08:01,946 - __main__ - INFO - Processed 190 of 243 entries
2025-02-21 20:08:02,058 - __main__ - INFO - Processed 200 of 243 entries
2025-02-21 20:08:02,166 - __main__ - INFO - Processed 210 of 243 entries
2025-02-21 20:08:02,285 - __main__ - INFO - Processed 220 of 243 entries
2025-02-21 20:08:02,434 - __main__ - INFO - Processed 230 of 243 entries
2025-02-21 20:08:02,561 - __main__ - INFO - Processed 240 of 243 entries
2025-02-21 20:08:02,598 - __main__ - INFO - Processed 243 of 243 entries
2025-02-21 20:08:02,599 - __main__ - INFO - Generated predictions for 243 feed entries
2025-02-21 20:08:02,599 - __main__ - INFO - Saving predictions to predictions\feeds_250216_164223_predicted.json...
2025-02-21 20:08:02,608 - __main__ - INFO - Successfully saved predictions to predictions\feeds_250216_164223_predicted.json
2025-02-21 20:08:02,610 - __main__ - INFO - Processing feed file: feeds\feeds_250217_154854.json
2025-02-21 20:08:02,611 - __main__ - INFO - Loading feed data from feeds\feeds_250217_154854.json...
2025-02-21 20:08:02,633 - __main__ - INFO - Loaded 240 feed entries
2025-02-21 20:08:02,634 - __main__ - INFO - Predicting topics for 240 feed entries...
2025-02-21 20:08:02,729 - __main__ - INFO - Processed 10 of 240 entries
2025-02-21 20:08:02,821 - __main__ - INFO - Processed 20 of 240 entries
2025-02-21 20:08:02,914 - __main__ - INFO - Processed 30 of 240 entries
2025-02-21 20:08:03,005 - __main__ - INFO - Processed 40 of 240 entries
2025-02-21 20:08:03,081 - __main__ - INFO - Processed 50 of 240 entries
2025-02-21 20:08:03,155 - __main__ - INFO - Processed 60 of 240 entries
2025-02-21 20:08:03,238 - __main__ - INFO - Processed 70 of 240 entries
2025-02-21 20:08:03,317 - __main__ - INFO - Processed 80 of 240 entries
2025-02-21 20:08:03,401 - __main__ - INFO - Processed 90 of 240 entries
2025-02-21 20:08:03,470 - __main__ - INFO - Processed 100 of 240 entries
2025-02-21 20:08:03,546 - __main__ - INFO - Processed 110 of 240 entries
2025-02-21 20:08:03,608 - __main__ - INFO - Processed 120 of 240 entries
2025-02-21 20:08:03,673 - __main__ - INFO - Processed 130 of 240 entries
2025-02-21 20:08:03,734 - __main__ - INFO - Processed 140 of 240 entries
2025-02-21 20:08:03,821 - __main__ - INFO - Processed 150 of 240 entries
2025-02-21 20:08:03,899 - __main__ - INFO - Processed 160 of 240 entries
2025-02-21 20:08:03,969 - __main__ - INFO - Processed 170 of 240 entries
2025-02-21 20:08:04,044 - __main__ - INFO - Processed 180 of 240 entries
2025-02-21 20:08:04,112 - __main__ - INFO - Processed 190 of 240 entries
2025-02-21 20:08:04,177 - __main__ - INFO - Processed 200 of 240 entries
2025-02-21 20:08:04,240 - __main__ - INFO - Processed 210 of 240 entries
2025-02-21 20:08:04,307 - __main__ - INFO - Processed 220 of 240 entries
2025-02-21 20:08:04,383 - __main__ - INFO - Processed 230 of 240 entries
2025-02-21 20:08:04,455 - __main__ - INFO - Processed 240 of 240 entries
2025-02-21 20:08:04,455 - __main__ - INFO - Generated predictions for 240 feed entries
2025-02-21 20:08:04,456 - __main__ - INFO - Saving predictions to predictions\feeds_250217_154854_predicted.json...
2025-02-21 20:08:04,460 - __main__ - INFO - Successfully saved predictions to predictions\feeds_250217_154854_predicted.json
2025-02-21 20:08:04,460 - __main__ - INFO - Processing feed file: feeds\feeds_250217_204921.json
2025-02-21 20:08:04,460 - __main__ - INFO - Loading feed data from feeds\feeds_250217_204921.json...
2025-02-21 20:08:04,484 - __main__ - INFO - Loaded 241 feed entries
2025-02-21 20:08:04,484 - __main__ - INFO - Predicting topics for 241 feed entries...
2025-02-21 20:08:04,562 - __main__ - INFO - Processed 10 of 241 entries
2025-02-21 20:08:04,628 - __main__ - INFO - Processed 20 of 241 entries
2025-02-21 20:08:04,695 - __main__ - INFO - Processed 30 of 241 entries
2025-02-21 20:08:04,761 - __main__ - INFO - Processed 40 of 241 entries
2025-02-21 20:08:04,833 - __main__ - INFO - Processed 50 of 241 entries
2025-02-21 20:08:04,898 - __main__ - INFO - Processed 60 of 241 entries
2025-02-21 20:08:04,967 - __main__ - INFO - Processed 70 of 241 entries
2025-02-21 20:08:05,031 - __main__ - INFO - Processed 80 of 241 entries
2025-02-21 20:08:05,107 - __main__ - INFO - Processed 90 of 241 entries
2025-02-21 20:08:05,177 - __main__ - INFO - Processed 100 of 241 entries
2025-02-21 20:08:05,245 - __main__ - INFO - Processed 110 of 241 entries
2025-02-21 20:08:05,349 - __main__ - INFO - Processed 120 of 241 entries
2025-02-21 20:08:05,408 - __main__ - INFO - Processed 130 of 241 entries
2025-02-21 20:08:05,469 - __main__ - INFO - Processed 140 of 241 entries
2025-02-21 20:08:05,526 - __main__ - INFO - Processed 150 of 241 entries
2025-02-21 20:08:05,595 - __main__ - INFO - Processed 160 of 241 entries
2025-02-21 20:08:05,666 - __main__ - INFO - Processed 170 of 241 entries
2025-02-21 20:08:05,728 - __main__ - INFO - Processed 180 of 241 entries
2025-02-21 20:08:05,792 - __main__ - INFO - Processed 190 of 241 entries
2025-02-21 20:08:05,853 - __main__ - INFO - Processed 200 of 241 entries
2025-02-21 20:08:05,914 - __main__ - INFO - Processed 210 of 241 entries
2025-02-21 20:08:05,973 - __main__ - INFO - Processed 220 of 241 entries
2025-02-21 20:08:06,038 - __main__ - INFO - Processed 230 of 241 entries
2025-02-21 20:08:06,104 - __main__ - INFO - Processed 240 of 241 entries
2025-02-21 20:08:06,112 - __main__ - INFO - Processed 241 of 241 entries
2025-02-21 20:08:06,113 - __main__ - INFO - Generated predictions for 241 feed entries
2025-02-21 20:08:06,113 - __main__ - INFO - Saving predictions to predictions\feeds_250217_204921_predicted.json...
2025-02-21 20:08:06,117 - __main__ - INFO - Successfully saved predictions to predictions\feeds_250217_204921_predicted.json
2025-02-21 20:08:06,117 - __main__ - INFO - Processing feed file: feeds\feeds_250218_201859.json
2025-02-21 20:08:06,117 - __main__ - INFO - Loading feed data from feeds\feeds_250218_201859.json...
2025-02-21 20:08:06,131 - __main__ - INFO - Loaded 239 feed entries
2025-02-21 20:08:06,131 - __main__ - INFO - Predicting topics for 239 feed entries...
2025-02-21 20:08:06,207 - __main__ - INFO - Processed 10 of 239 entries
2025-02-21 20:08:06,276 - __main__ - INFO - Processed 20 of 239 entries
2025-02-21 20:08:06,344 - __main__ - INFO - Processed 30 of 239 entries
2025-02-21 20:08:06,411 - __main__ - INFO - Processed 40 of 239 entries
2025-02-21 20:08:06,485 - __main__ - INFO - Processed 50 of 239 entries
2025-02-21 20:08:06,559 - __main__ - INFO - Processed 60 of 239 entries
2025-02-21 20:08:06,625 - __main__ - INFO - Processed 70 of 239 entries
2025-02-21 20:08:06,694 - __main__ - INFO - Processed 80 of 239 entries
2025-02-21 20:08:06,787 - __main__ - INFO - Processed 90 of 239 entries
2025-02-21 20:08:06,885 - __main__ - INFO - Processed 100 of 239 entries
2025-02-21 20:08:06,950 - __main__ - INFO - Processed 110 of 239 entries
2025-02-21 20:08:07,018 - __main__ - INFO - Processed 120 of 239 entries
2025-02-21 20:08:07,078 - __main__ - INFO - Processed 130 of 239 entries
2025-02-21 20:08:07,136 - __main__ - INFO - Processed 140 of 239 entries
2025-02-21 20:08:07,194 - __main__ - INFO - Processed 150 of 239 entries
2025-02-21 20:08:07,256 - __main__ - INFO - Processed 160 of 239 entries
2025-02-21 20:08:07,331 - __main__ - INFO - Processed 170 of 239 entries
2025-02-21 20:08:07,398 - __main__ - INFO - Processed 180 of 239 entries
2025-02-21 20:08:07,470 - __main__ - INFO - Processed 190 of 239 entries
2025-02-21 20:08:07,537 - __main__ - INFO - Processed 200 of 239 entries
2025-02-21 20:08:07,599 - __main__ - INFO - Processed 210 of 239 entries
2025-02-21 20:08:07,656 - __main__ - INFO - Processed 220 of 239 entries
2025-02-21 20:08:07,734 - __main__ - INFO - Processed 230 of 239 entries
2025-02-21 20:08:07,793 - __main__ - INFO - Processed 239 of 239 entries
2025-02-21 20:08:07,793 - __main__ - INFO - Generated predictions for 239 feed entries
2025-02-21 20:08:07,794 - __main__ - INFO - Saving predictions to predictions\feeds_250218_201859_predicted.json...
2025-02-21 20:08:07,797 - __main__ - INFO - Successfully saved predictions to predictions\feeds_250218_201859_predicted.json
2025-02-21 20:08:07,798 - __main__ - INFO - Processing feed file: feeds\feeds_250220_193337.json
2025-02-21 20:08:07,799 - __main__ - INFO - Loading feed data from feeds\feeds_250220_193337.json...
2025-02-21 20:08:07,812 - __main__ - INFO - Loaded 243 feed entries
2025-02-21 20:08:07,813 - __main__ - INFO - Predicting topics for 243 feed entries...
2025-02-21 20:08:07,882 - __main__ - INFO - Processed 10 of 243 entries
2025-02-21 20:08:07,954 - __main__ - INFO - Processed 20 of 243 entries
2025-02-21 20:08:08,045 - __main__ - INFO - Processed 30 of 243 entries
2025-02-21 20:08:08,135 - __main__ - INFO - Processed 40 of 243 entries
2025-02-21 20:08:08,222 - __main__ - INFO - Processed 50 of 243 entries
2025-02-21 20:08:08,289 - __main__ - INFO - Processed 60 of 243 entries
2025-02-21 20:08:08,364 - __main__ - INFO - Processed 70 of 243 entries
2025-02-21 20:08:08,457 - __main__ - INFO - Processed 80 of 243 entries
2025-02-21 20:08:08,540 - __main__ - INFO - Processed 90 of 243 entries
2025-02-21 20:08:08,611 - __main__ - INFO - Processed 100 of 243 entries
2025-02-21 20:08:08,684 - __main__ - INFO - Processed 110 of 243 entries
2025-02-21 20:08:08,754 - __main__ - INFO - Processed 120 of 243 entries
2025-02-21 20:08:08,824 - __main__ - INFO - Processed 130 of 243 entries
2025-02-21 20:08:08,885 - __main__ - INFO - Processed 140 of 243 entries
2025-02-21 20:08:08,959 - __main__ - INFO - Processed 150 of 243 entries
2025-02-21 20:08:09,027 - __main__ - INFO - Processed 160 of 243 entries
2025-02-21 20:08:09,091 - __main__ - INFO - Processed 170 of 243 entries
2025-02-21 20:08:09,156 - __main__ - INFO - Processed 180 of 243 entries
2025-02-21 20:08:09,224 - __main__ - INFO - Processed 190 of 243 entries
2025-02-21 20:08:09,292 - __main__ - INFO - Processed 200 of 243 entries
2025-02-21 20:08:09,350 - __main__ - INFO - Processed 210 of 243 entries
2025-02-21 20:08:09,406 - __main__ - INFO - Processed 220 of 243 entries
2025-02-21 20:08:09,479 - __main__ - INFO - Processed 230 of 243 entries
2025-02-21 20:08:09,545 - __main__ - INFO - Processed 240 of 243 entries
2025-02-21 20:08:09,565 - __main__ - INFO - Processed 243 of 243 entries
2025-02-21 20:08:09,565 - __main__ - INFO - Generated predictions for 243 feed entries
2025-02-21 20:08:09,565 - __main__ - INFO - Saving predictions to predictions\feeds_250220_193337_predicted.json...
2025-02-21 20:08:09,571 - __main__ - INFO - Successfully saved predictions to predictions\feeds_250220_193337_predicted.json
2025-02-21 20:08:09,571 - __main__ - INFO - Processing feed file: feeds\feeds_250220_205011.json
2025-02-21 20:08:09,572 - __main__ - INFO - Loading feed data from feeds\feeds_250220_205011.json...
2025-02-21 20:08:09,584 - __main__ - INFO - Loaded 245 feed entries
2025-02-21 20:08:09,585 - __main__ - INFO - Predicting topics for 245 feed entries...
2025-02-21 20:08:09,662 - __main__ - INFO - Processed 10 of 245 entries
2025-02-21 20:08:09,728 - __main__ - INFO - Processed 20 of 245 entries
2025-02-21 20:08:09,795 - __main__ - INFO - Processed 30 of 245 entries
2025-02-21 20:08:09,877 - __main__ - INFO - Processed 40 of 245 entries
2025-02-21 20:08:09,941 - __main__ - INFO - Processed 50 of 245 entries
2025-02-21 20:08:10,010 - __main__ - INFO - Processed 60 of 245 entries
2025-02-21 20:08:10,083 - __main__ - INFO - Processed 70 of 245 entries
2025-02-21 20:08:10,144 - __main__ - INFO - Processed 80 of 245 entries
2025-02-21 20:08:10,230 - __main__ - INFO - Processed 90 of 245 entries
2025-02-21 20:08:10,364 - __main__ - INFO - Processed 100 of 245 entries
2025-02-21 20:08:10,459 - __main__ - INFO - Processed 110 of 245 entries
2025-02-21 20:08:10,541 - __main__ - INFO - Processed 120 of 245 entries
2025-02-21 20:08:10,636 - __main__ - INFO - Processed 130 of 245 entries
2025-02-21 20:08:10,739 - __main__ - INFO - Processed 140 of 245 entries
2025-02-21 20:08:10,823 - __main__ - INFO - Processed 150 of 245 entries
2025-02-21 20:08:10,985 - __main__ - INFO - Processed 160 of 245 entries
2025-02-21 20:08:11,109 - __main__ - INFO - Processed 170 of 245 entries
2025-02-21 20:08:11,238 - __main__ - INFO - Processed 180 of 245 entries
2025-02-21 20:08:11,366 - __main__ - INFO - Processed 190 of 245 entries
2025-02-21 20:08:11,467 - __main__ - INFO - Processed 200 of 245 entries
2025-02-21 20:08:11,541 - __main__ - INFO - Processed 210 of 245 entries
2025-02-21 20:08:11,638 - __main__ - INFO - Processed 220 of 245 entries
2025-02-21 20:08:11,716 - __main__ - INFO - Processed 230 of 245 entries
2025-02-21 20:08:11,810 - __main__ - INFO - Processed 240 of 245 entries
2025-02-21 20:08:11,863 - __main__ - INFO - Processed 245 of 245 entries
2025-02-21 20:08:11,863 - __main__ - INFO - Generated predictions for 245 feed entries
2025-02-21 20:08:11,864 - __main__ - INFO - Saving predictions to predictions\feeds_250220_205011_predicted.json...
2025-02-21 20:08:11,868 - __main__ - INFO - Successfully saved predictions to predictions\feeds_250220_205011_predicted.json
2025-02-21 20:08:11,868 - __main__ - INFO - Processing feed file: feeds\feeds_250221_165831.json
2025-02-21 20:08:11,869 - __main__ - INFO - Loading feed data from feeds\feeds_250221_165831.json...
2025-02-21 20:08:11,886 - __main__ - INFO - Loaded 239 feed entries
2025-02-21 20:08:11,887 - __main__ - INFO - Predicting topics for 239 feed entries...
2025-02-21 20:08:12,031 - __main__ - INFO - Processed 10 of 239 entries
2025-02-21 20:08:12,142 - __main__ - INFO - Processed 20 of 239 entries
2025-02-21 20:08:12,227 - __main__ - INFO - Processed 30 of 239 entries
2025-02-21 20:08:12,300 - __main__ - INFO - Processed 40 of 239 entries
2025-02-21 20:08:12,375 - __main__ - INFO - Processed 50 of 239 entries
2025-02-21 20:08:12,442 - __main__ - INFO - Processed 60 of 239 entries
2025-02-21 20:08:12,523 - __main__ - INFO - Processed 70 of 239 entries
2025-02-21 20:08:12,608 - __main__ - INFO - Processed 80 of 239 entries
2025-02-21 20:08:12,684 - __main__ - INFO - Processed 90 of 239 entries
2025-02-21 20:08:12,756 - __main__ - INFO - Processed 100 of 239 entries
2025-02-21 20:08:12,831 - __main__ - INFO - Processed 110 of 239 entries
2025-02-21 20:08:12,896 - __main__ - INFO - Processed 120 of 239 entries
2025-02-21 20:08:12,958 - __main__ - INFO - Processed 130 of 239 entries
2025-02-21 20:08:13,037 - __main__ - INFO - Processed 140 of 239 entries
2025-02-21 20:08:13,098 - __main__ - INFO - Processed 150 of 239 entries
2025-02-21 20:08:13,165 - __main__ - INFO - Processed 160 of 239 entries
2025-02-21 20:08:13,229 - __main__ - INFO - Processed 170 of 239 entries
2025-02-21 20:08:13,290 - __main__ - INFO - Processed 180 of 239 entries
2025-02-21 20:08:13,354 - __main__ - INFO - Processed 190 of 239 entries
2025-02-21 20:08:13,420 - __main__ - INFO - Processed 200 of 239 entries
2025-02-21 20:08:13,480 - __main__ - INFO - Processed 210 of 239 entries
2025-02-21 20:08:13,545 - __main__ - INFO - Processed 220 of 239 entries
2025-02-21 20:08:13,613 - __main__ - INFO - Processed 230 of 239 entries
2025-02-21 20:08:13,670 - __main__ - INFO - Processed 239 of 239 entries
2025-02-21 20:08:13,671 - __main__ - INFO - Generated predictions for 239 feed entries
2025-02-21 20:08:13,672 - __main__ - INFO - Saving predictions to predictions\feeds_250221_165831_predicted.json...
2025-02-21 20:08:13,675 - __main__ - INFO - Successfully saved predictions to predictions\feeds_250221_165831_predicted.json
2025-02-21 20:08:13,675 - __main__ - INFO - Completed processing all feed files
2025-02-23 17:03:48,418 - __main__ - INFO - Starting prediction process...
2025-02-23 17:03:48,418 - __main__ - INFO - Found 8 feed files to process
2025-02-23 17:03:48,418 - __main__ - INFO - Initializing text preprocessor...
2025-02-23 17:03:48,438 - __main__ - INFO - Loading model components...
2025-02-23 17:03:48,439 - model_persistence - INFO - Loading model components...
2025-02-23 17:03:48,582 - model_persistence - INFO - Model components loaded successfully
2025-02-23 17:03:48,582 - __main__ - INFO - Successfully loaded model components with 10 categories
2025-02-23 17:03:48,582 - __main__ - INFO - Processing feed file: feeds\feeds_250216_164223.json
2025-02-23 17:03:48,582 - __main__ - INFO - Prediction file predictions\feeds_250216_164223_predicted.json already exists, skipping...
2025-02-23 17:03:48,583 - __main__ - INFO - Processing feed file: feeds\feeds_250217_154854.json
2025-02-23 17:03:48,583 - __main__ - INFO - Prediction file predictions\feeds_250217_154854_predicted.json already exists, skipping...
2025-02-23 17:03:48,583 - __main__ - INFO - Processing feed file: feeds\feeds_250217_204921.json
2025-02-23 17:03:48,583 - __main__ - INFO - Prediction file predictions\feeds_250217_204921_predicted.json already exists, skipping...
2025-02-23 17:03:48,584 - __main__ - INFO - Processing feed file: feeds\feeds_250218_201859.json
2025-02-23 17:03:48,584 - __main__ - INFO - Prediction file predictions\feeds_250218_201859_predicted.json already exists, skipping...
2025-02-23 17:03:48,584 - __main__ - INFO - Processing feed file: feeds\feeds_250220_193337.json
2025-02-23 17:03:48,584 - __main__ - INFO - Prediction file predictions\feeds_250220_193337_predicted.json already exists, skipping...
2025-02-23 17:03:48,585 - __main__ - INFO - Processing feed file: feeds\feeds_250220_205011.json
2025-02-23 17:03:48,585 - __main__ - INFO - Prediction file predictions\feeds_250220_205011_predicted.json already exists, skipping...
2025-02-23 17:03:48,585 - __main__ - INFO - Processing feed file: feeds\feeds_250221_165831.json
2025-02-23 17:03:48,586 - __main__ - INFO - Prediction file predictions\feeds_250221_165831_predicted.json already exists, skipping...
2025-02-23 17:03:48,586 - __main__ - INFO - Processing feed file: feeds\feeds_250223_170316.json
2025-02-23 17:03:48,586 - __main__ - INFO - Loading feed data from feeds\feeds_250223_170316.json...
2025-02-23 17:03:48,598 - __main__ - INFO - Loaded 239 feed entries
2025-02-23 17:03:48,598 - __main__ - INFO - Predicting topics for 239 feed entries...
2025-02-23 17:03:48,761 - __main__ - INFO - Processed 10 of 239 entries
2025-02-23 17:03:48,827 - __main__ - INFO - Processed 20 of 239 entries
2025-02-23 17:03:48,896 - __main__ - INFO - Processed 30 of 239 entries
2025-02-23 17:03:48,961 - __main__ - INFO - Processed 40 of 239 entries
2025-02-23 17:03:49,032 - __main__ - INFO - Processed 50 of 239 entries
2025-02-23 17:03:49,108 - __main__ - INFO - Processed 60 of 239 entries
2025-02-23 17:03:49,182 - __main__ - INFO - Processed 70 of 239 entries
2025-02-23 17:03:49,252 - __main__ - INFO - Processed 80 of 239 entries
2025-02-23 17:03:49,320 - __main__ - INFO - Processed 90 of 239 entries
2025-02-23 17:03:49,394 - __main__ - INFO - Processed 100 of 239 entries
2025-02-23 17:03:49,468 - __main__ - INFO - Processed 110 of 239 entries
2025-02-23 17:03:49,534 - __main__ - INFO - Processed 120 of 239 entries
2025-02-23 17:03:49,598 - __main__ - INFO - Processed 130 of 239 entries
2025-02-23 17:03:49,662 - __main__ - INFO - Processed 140 of 239 entries
2025-02-23 17:03:49,718 - __main__ - INFO - Processed 150 of 239 entries
2025-02-23 17:03:49,778 - __main__ - INFO - Processed 160 of 239 entries
2025-02-23 17:03:49,837 - __main__ - INFO - Processed 170 of 239 entries
2025-02-23 17:03:49,902 - __main__ - INFO - Processed 180 of 239 entries
2025-02-23 17:03:49,956 - __main__ - INFO - Processed 190 of 239 entries
2025-02-23 17:03:50,009 - __main__ - INFO - Processed 200 of 239 entries
2025-02-23 17:03:50,064 - __main__ - INFO - Processed 210 of 239 entries
2025-02-23 17:03:50,117 - __main__ - INFO - Processed 220 of 239 entries
2025-02-23 17:03:50,186 - __main__ - INFO - Processed 230 of 239 entries
2025-02-23 17:03:50,260 - __main__ - INFO - Processed 239 of 239 entries
2025-02-23 17:03:50,261 - __main__ - INFO - Generated predictions for 239 feed entries
2025-02-23 17:03:50,261 - __main__ - INFO - Saving predictions to predictions\feeds_250223_170316_predicted.json...
2025-02-23 17:03:50,267 - __main__ - INFO - Successfully saved predictions to predictions\feeds_250223_170316_predicted.json
2025-02-23 17:03:50,267 - __main__ - INFO - Completed processing all feed files
